Info 0    [10:29:34.89] Starting TS Server
Info 1    [10:29:34.89] Version: 3.8.2
Info 2    [10:29:34.89] Arguments: /usr/bin/node /home/jj/code/srvr/node_modules/.bin/tsserver --logFile /home/jj/code/srvr/.log/tsserver.log --logVerbosity info --cancellationPipeName /tmp/cef31eefb43368741b7136a72d075265/tscancellation*
Info 3    [10:29:34.89] Platform: linux NodeVersion: 13 CaseSensitive: true
Info 4    [10:29:34.109] Search path: /home/jj/code/srvr/src/notification
Info 5    [10:29:34.112] For info: /home/jj/code/srvr/src/notification/notification.ts :: Config file name: /home/jj/code/srvr/tsconfig.json
Info 6    [10:29:34.112] Opened configuration file /home/jj/code/srvr/tsconfig.json
Info 7    [10:29:34.149] Config: /home/jj/code/srvr/tsconfig.json : {
 "rootNames": [
  "/home/jj/code/srvr/src/index.ts",
  "/home/jj/code/srvr/src/entity/Device.ts",
  "/home/jj/code/srvr/src/entity/Event.ts",
  "/home/jj/code/srvr/src/entity/Timeline.ts",
  "/home/jj/code/srvr/src/entity/User.ts",
  "/home/jj/code/srvr/src/migration/1582621882704-User.ts",
  "/home/jj/code/srvr/src/migration/1582625874819-new.ts",
  "/home/jj/code/srvr/src/migration/1582635628846-fixed user and devic.ts",
  "/home/jj/code/srvr/src/migration/1582637930273-addedstatus.ts",
  "/home/jj/code/srvr/src/migration/1582796530497-NEW.ts",
  "/home/jj/code/srvr/src/migration/1582798851548-date.ts",
  "/home/jj/code/srvr/src/notification/notification.ts",
  "/home/jj/code/srvr/src/routes/DeviceService.ts",
  "/home/jj/code/srvr/src/routes/LoginService.ts",
  "/home/jj/code/srvr/src/routes/RegisterService.ts",
  "/home/jj/code/srvr/src/routes/UserService.ts",
  "/home/jj/code/srvr/src/socket/socketdevice.ts",
  "/home/jj/code/srvr/test/registration.test.ts"
 ],
 "options": {
  "experimentalDecorators": true,
  "target": 2,
  "module": 1,
  "outDir": "/home/jj/code/srvr/build",
  "strict": true,
  "esModuleInterop": true,
  "emitDecoratorMetadata": true,
  "forceConsistentCasingInFileNames": true,
  "resolveJsonModule": true,
  "configFilePath": "/home/jj/code/srvr/tsconfig.json"
 }
}
Info 8    [10:29:34.804] Starting updateGraphWorker: Project: /home/jj/code/srvr/tsconfig.json
Info 9    [10:29:38.883] Finishing updateGraphWorker: Project: /home/jj/code/srvr/tsconfig.json Version: 1 structureChanged: true Elapsed: 4078ms
Info 10   [10:29:38.883] Project '/home/jj/code/srvr/tsconfig.json' (Configured) 
Info 11   [10:29:38.883] 	Files (381)

Info 12   [10:29:38.883] -----------------------------------------------
Info 13   [10:29:39.970] DirectoryWatcher:: Triggered with /home/jj/code/srvr :: WatchInfo: /home/jj/code/srvr 1 undefined Project: /home/jj/code/srvr/tsconfig.json WatchType: Wild card directory
Info 14   [10:29:39.971] Elapsed:: 1ms DirectoryWatcher:: Triggered with /home/jj/code/srvr :: WatchInfo: /home/jj/code/srvr 1 undefined Project: /home/jj/code/srvr/tsconfig.json WatchType: Wild card directory
Info 15   [10:29:40.97] Starting updateGraphWorker: Project: /home/jj/code/srvr/tsconfig.json
Info 16   [10:29:40.152] Finishing updateGraphWorker: Project: /home/jj/code/srvr/tsconfig.json Version: 2 structureChanged: false Elapsed: 55ms
Info 17   [10:29:40.152] Different program with same set of files:: oldProgram.structureIsReused:: 2
Info 18   [10:29:40.222] Structure before ensureProjectForOpenFiles:
Info 19   [10:29:40.222] Structure after ensureProjectForOpenFiles:
Info 20   [10:29:40.222] got projects updated in background, updating diagnostics for /home/jj/code/srvr/src/notification/notification.ts
Info 21   [10:29:45.850] forEachExternalModuleToImportFrom: filtered out 59 modules by package.json contents
Info 22   [10:29:49.261] forEachExternalModuleToImportFrom: filtered out 59 modules by package.json contents
Info 23   [10:29:50.235] forEachExternalModuleToImportFrom: filtered out 59 modules by package.json contents
Info 24   [10:29:50.495] Starting updateGraphWorker: Project: /home/jj/code/srvr/tsconfig.json
Info 25   [10:29:50.527] Finishing updateGraphWorker: Project: /home/jj/code/srvr/tsconfig.json Version: 3 structureChanged: false Elapsed: 32ms
Info 26   [10:29:50.527] Different program with same set of files:: oldProgram.structureIsReused:: 2
Info 27   [10:29:50.983] Starting updateGraphWorker: Project: /home/jj/code/srvr/tsconfig.json
Info 28   [10:29:51.7] Finishing updateGraphWorker: Project: /home/jj/code/srvr/tsconfig.json Version: 4 structureChanged: false Elapsed: 24ms
Info 29   [10:29:51.7] Different program with same set of files:: oldProgram.structureIsReused:: 2
Info 30   [10:29:51.482] Starting updateGraphWorker: Project: /home/jj/code/srvr/tsconfig.json
Info 31   [10:29:51.509] Finishing updateGraphWorker: Project: /home/jj/code/srvr/tsconfig.json Version: 5 structureChanged: false Elapsed: 27ms
Info 32   [10:29:51.509] Different program with same set of files:: oldProgram.structureIsReused:: 2
Info 33   [10:30:56.566] Starting updateGraphWorker: Project: /home/jj/code/srvr/tsconfig.json
Info 34   [10:30:56.731] Finishing updateGraphWorker: Project: /home/jj/code/srvr/tsconfig.json Version: 6 structureChanged: true Elapsed: 164ms
Info 35   [10:30:56.731] Project '/home/jj/code/srvr/tsconfig.json' (Configured) 
Info 36   [10:30:56.731] 	Files (380)

Info 37   [10:30:56.731] -----------------------------------------------
Info 38   [10:31:3.450] Starting updateGraphWorker: Project: /home/jj/code/srvr/tsconfig.json
Info 39   [10:31:3.486] Finishing updateGraphWorker: Project: /home/jj/code/srvr/tsconfig.json Version: 7 structureChanged: false Elapsed: 35ms
Info 40   [10:31:3.486] Different program with same set of files:: oldProgram.structureIsReused:: 2
Info 41   [10:31:5.122] Starting updateGraphWorker: Project: /home/jj/code/srvr/tsconfig.json
Info 42   [10:31:5.157] Finishing updateGraphWorker: Project: /home/jj/code/srvr/tsconfig.json Version: 8 structureChanged: false Elapsed: 35ms
Info 43   [10:31:5.157] Different program with same set of files:: oldProgram.structureIsReused:: 2
Info 44   [10:31:6.557] Starting updateGraphWorker: Project: /home/jj/code/srvr/tsconfig.json
Info 45   [10:31:6.597] Finishing updateGraphWorker: Project: /home/jj/code/srvr/tsconfig.json Version: 9 structureChanged: false Elapsed: 39ms
Info 46   [10:31:6.597] Different program with same set of files:: oldProgram.structureIsReused:: 2
Info 47   [10:31:6.598] Starting updateGraphWorker: Project: /home/jj/code/srvr/tsconfig.json
Info 48   [10:31:6.620] Finishing updateGraphWorker: Project: /home/jj/code/srvr/tsconfig.json Version: 10 structureChanged: false Elapsed: 22ms
Info 49   [10:31:6.620] Different program with same set of files:: oldProgram.structureIsReused:: 2
Info 50   [10:31:7.131] Starting updateGraphWorker: Project: /home/jj/code/srvr/tsconfig.json
Info 51   [10:31:7.164] Finishing updateGraphWorker: Project: /home/jj/code/srvr/tsconfig.json Version: 11 structureChanged: false Elapsed: 33ms
Info 52   [10:31:7.165] Different program with same set of files:: oldProgram.structureIsReused:: 2
Info 53   [10:31:7.910] Starting updateGraphWorker: Project: /home/jj/code/srvr/tsconfig.json
Info 54   [10:31:7.930] Finishing updateGraphWorker: Project: /home/jj/code/srvr/tsconfig.json Version: 12 structureChanged: false Elapsed: 20ms
Info 55   [10:31:7.930] Different program with same set of files:: oldProgram.structureIsReused:: 2
Info 56   [10:36:23.959] FileWatcher:: Triggered with /home/jj/code/srvr/src/index.ts 1:: WatchInfo: /home/jj/code/srvr/src/index.ts 500 undefined Project:  WatchType: Closed Script info
Info 57   [10:36:23.959] Elapsed:: 0ms FileWatcher:: Triggered with /home/jj/code/srvr/src/index.ts 1:: WatchInfo: /home/jj/code/srvr/src/index.ts 500 undefined Project:  WatchType: Closed Script info
Info 58   [10:36:24.210] Starting updateGraphWorker: Project: /home/jj/code/srvr/tsconfig.json
Info 59   [10:36:24.241] Finishing updateGraphWorker: Project: /home/jj/code/srvr/tsconfig.json Version: 13 structureChanged: false Elapsed: 31ms
Info 60   [10:36:24.241] Different program with same set of files:: oldProgram.structureIsReused:: 2
Info 61   [10:36:24.241] Structure before ensureProjectForOpenFiles:
Info 62   [10:36:24.242] Structure after ensureProjectForOpenFiles:
Info 63   [10:36:24.242] got projects updated in background, updating diagnostics for /home/jj/code/srvr/src/notification/notification.ts
Info 64   [10:36:33.52] DirectoryWatcher:: Triggered with /home/jj/code/srvr :: WatchInfo: /home/jj/code/srvr 1 undefined Project: /home/jj/code/srvr/tsconfig.json WatchType: Wild card directory
Info 65   [10:36:33.52] Elapsed:: 0ms DirectoryWatcher:: Triggered with /home/jj/code/srvr :: WatchInfo: /home/jj/code/srvr 1 undefined Project: /home/jj/code/srvr/tsconfig.json WatchType: Wild card directory
Info 66   [10:36:33.315] Starting updateGraphWorker: Project: /home/jj/code/srvr/tsconfig.json
Info 67   [10:36:33.335] Finishing updateGraphWorker: Project: /home/jj/code/srvr/tsconfig.json Version: 14 structureChanged: false Elapsed: 20ms
Info 68   [10:36:33.335] Different program with same set of files:: oldProgram.structureIsReused:: 2
Info 69   [10:36:33.335] Structure before ensureProjectForOpenFiles:
Info 70   [10:36:33.335] Structure after ensureProjectForOpenFiles:
Info 71   [10:36:33.335] got projects updated in background, updating diagnostics for /home/jj/code/srvr/src/notification/notification.ts
